<?xml version="1.0" encoding="UTF-8"?>
<!-- Generated by org.testng.reporters.JUnitReportReporter -->
<testsuite hostname="dell-PC" name="google.GooglePage" tests="1" failures="0" timestamp="26 May 2017 06:33:55 GMT" time="45.119" errors="0">
  <testcase name="openpage" time="45.119" classname="google.GooglePage"/>
</testsuite> <!-- google.GooglePage -->
