<?xml version="1.0" encoding="UTF-8"?>
<!-- Generated by org.testng.reporters.JUnitReportReporter -->
<testsuite name="google.GooglePage" tests="1" time="28.004" ignored="0" failures="0" timestamp="26 May 2017 06:50:32 GMT" skipped="0" hostname="dell-PC" errors="0">
  <testcase name="openpage" time="28.004" classname="google.GooglePage"/>
</testsuite> <!-- google.GooglePage -->
